[     492ms] [INFO] %cDownload the React DevTools for a better development experience: https://reactjs.org/link/react-devtools font-weight:bold @ http://localhost:3100/node_modules/.vite/deps/chunk-OY5C42Z6.js?v=cc601ef7:21608
[     644ms] [ERROR] Failed to load resource: the server responded with a status of 404 (Not Found) @ http://localhost:3100/favicon.ico:0
[   28083ms] [VERBOSE] [DOM] Input elements should have autocomplete attributes (suggested: "new-password"): (More info: https://goo.gl/9p2vKq) %o @ http://localhost:3100/:0
[  144354ms] [INFO] %cDownload the React DevTools for a better development experience: https://reactjs.org/link/react-devtools font-weight:bold @ http://localhost:3100/node_modules/.vite/deps/chunk-OY5C42Z6.js?v=cc601ef7:21608
[  215224ms] [INFO] %cDownload the React DevTools for a better development experience: https://reactjs.org/link/react-devtools font-weight:bold @ http://localhost:3100/node_modules/.vite/deps/chunk-OY5C42Z6.js?v=cc601ef7:21608
[  286073ms] [INFO] %cDownload the React DevTools for a better development experience: https://reactjs.org/link/react-devtools font-weight:bold @ http://localhost:3100/node_modules/.vite/deps/chunk-OY5C42Z6.js?v=cc601ef7:21608
[  354459ms] [LOG] [vite] server connection lost. Polling for restart... @ http://localhost:3100/@vite/client:963
[  354469ms] [ERROR] WebSocket connection to 'ws://localhost:3100/' failed: Error in connection establishment: net::ERR_NETWORK_IO_SUSPENDED @ http://localhost:3100/@vite/client:1034
[  356904ms] [INFO] %cDownload the React DevTools for a better development experience: https://reactjs.org/link/react-devtools font-weight:bold @ http://localhost:3100/node_modules/.vite/deps/chunk-OY5C42Z6.js?v=cc601ef7:21608
[  419037ms] [LOG] [vite] server connection lost. Polling for restart... @ http://localhost:3100/@vite/client:963
[  419050ms] [ERROR] WebSocket connection to 'ws://localhost:3100/' failed: Error in connection establishment: net::ERR_NETWORK_IO_SUSPENDED @ http://localhost:3100/@vite/client:1034
[  423816ms] [INFO] %cDownload the React DevTools for a better development experience: https://reactjs.org/link/react-devtools font-weight:bold @ http://localhost:3100/node_modules/.vite/deps/chunk-OY5C42Z6.js?v=cc601ef7:21608
[  427698ms] [LOG] [vite] server connection lost. Polling for restart... @ http://localhost:3100/@vite/client:963
[  427740ms] [ERROR] WebSocket connection to 'ws://localhost:3100/' failed: Error in connection establishment: net::ERR_NETWORK_IO_SUSPENDED @ http://localhost:3100/@vite/client:1034
[  433639ms] [INFO] %cDownload the React DevTools for a better development experience: https://reactjs.org/link/react-devtools font-weight:bold @ http://localhost:3100/node_modules/.vite/deps/chunk-OY5C42Z6.js?v=cc601ef7:21608
[  513316ms] [LOG] [vite] server connection lost. Polling for restart... @ http://localhost:3100/@vite/client:963
[  513320ms] [ERROR] WebSocket connection to 'ws://localhost:3100/' failed: Error in connection establishment: net::ERR_NETWORK_IO_SUSPENDED @ http://localhost:3100/@vite/client:1034
[  514937ms] [INFO] %cDownload the React DevTools for a better development experience: https://reactjs.org/link/react-devtools font-weight:bold @ http://localhost:3100/node_modules/.vite/deps/chunk-OY5C42Z6.js?v=cc601ef7:21608
[  584340ms] [LOG] [vite] server connection lost. Polling for restart... @ http://localhost:3100/@vite/client:963
[  584345ms] [ERROR] WebSocket connection to 'ws://localhost:3100/' failed: Error in connection establishment: net::ERR_NETWORK_IO_SUSPENDED @ http://localhost:3100/@vite/client:1034
[ 4784852ms] [INFO] %cDownload the React DevTools for a better development experience: https://reactjs.org/link/react-devtools font-weight:bold @ http://localhost:3100/node_modules/.vite/deps/chunk-OY5C42Z6.js?v=cc601ef7:21608
[ 4786394ms] [LOG] [vite] server connection lost. Polling for restart... @ http://localhost:3100/@vite/client:963
[ 4786397ms] [ERROR] WebSocket connection to 'ws://localhost:3100/' failed: Error in connection establishment: net::ERR_NETWORK_IO_SUSPENDED @ http://localhost:3100/@vite/client:1034
[15317328ms] [ERROR] WebSocket connection to 'ws://localhost:3100/' failed: Error in connection establishment: net::ERR_NETWORK_IO_SUSPENDED @ http://localhost:3100/@vite/client:1034
[15320341ms] [INFO] %cDownload the React DevTools for a better development experience: https://reactjs.org/link/react-devtools font-weight:bold @ http://localhost:3100/node_modules/.vite/deps/chunk-OY5C42Z6.js?v=cc601ef7:21608
[15321876ms] [LOG] [vite] server connection lost. Polling for restart... @ http://localhost:3100/@vite/client:963
[15321877ms] [ERROR] WebSocket connection to 'ws://localhost:3100/' failed: Error in connection establishment: net::ERR_NETWORK_IO_SUSPENDED @ http://localhost:3100/@vite/client:1034
[18959448ms] [INFO] %cDownload the React DevTools for a better development experience: https://reactjs.org/link/react-devtools font-weight:bold @ http://localhost:3100/node_modules/.vite/deps/chunk-OY5C42Z6.js?v=cc601ef7:21608
[18962522ms] [LOG] [vite] server connection lost. Polling for restart... @ http://localhost:3100/@vite/client:963
[18962524ms] [ERROR] WebSocket connection to 'ws://localhost:3100/' failed: Error in connection establishment: net::ERR_NETWORK_IO_SUSPENDED @ http://localhost:3100/@vite/client:1034
[24867549ms] [ERROR] Failed to load resource: net::ERR_NETWORK_IO_SUSPENDED @ http://localhost:3100/src/components/ResultadosTable.jsx?t=1776405811473:0
[24867574ms] [LOG] [vite] server connection lost. Polling for restart... @ http://localhost:3100/@vite/client:963
[24867576ms] [ERROR] Failed to load resource: net::ERR_NETWORK_IO_SUSPENDED @ http://localhost:3100/src/components/Sidebar.jsx:0
[24867576ms] [ERROR] Failed to load resource: net::ERR_NETWORK_IO_SUSPENDED @ http://localhost:3100/src/components/Login.jsx?t=1776405811473:0
[24867576ms] [ERROR] Failed to load resource: net::ERR_NETWORK_IO_SUSPENDED @ http://localhost:3100/src/config/api.js:0
[24867576ms] [ERROR] Failed to load resource: net::ERR_NETWORK_IO_SUSPENDED @ http://localhost:3100/src/components/Settings.jsx:0
[24867576ms] [ERROR] Failed to load resource: net::ERR_NETWORK_IO_SUSPENDED @ http://localhost:3100/src/components/PickEntry.module.css:0
[24867577ms] [ERROR] Failed to load resource: net::ERR_NETWORK_IO_SUSPENDED @ http://localhost:3100/src/components/PronosticosTable.module.css:0
[24867577ms] [ERROR] Failed to load resource: net::ERR_NETWORK_IO_SUSPENDED @ http://localhost:3100/src/services/teletrakService.js:0
[24867577ms] [ERROR] Failed to load resource: net::ERR_NETWORK_IO_SUSPENDED @ http://localhost:3100/src/services/raceStatus.js:0
[24867577ms] [ERROR] Failed to load resource: net::ERR_NETWORK_IO_SUSPENDED @ http://localhost:3100/src/engine/modeEngine.js:0
[24867577ms] [ERROR] Failed to load resource: net::ERR_NETWORK_IO_SUSPENDED @ http://localhost:3100/src/components/tables/PicksTableExportView.jsx:0
[24867577ms] [ERROR] Failed to load resource: net::ERR_NETWORK_IO_SUSPENDED @ http://localhost:3100/src/services/exportStyles.js:0
[24867577ms] [ERROR] Failed to load resource: net::ERR_NETWORK_IO_SUSPENDED @ http://localhost:3100/src/hooks/useRanking.js?t=1776405811473:0
[24867578ms] [ERROR] Failed to load resource: net::ERR_NETWORK_IO_SUSPENDED @ http://localhost:3100/src/components/RankingTable.module.css:0
[24867578ms] [ERROR] Failed to load resource: net::ERR_NETWORK_IO_SUSPENDED @ http://localhost:3100/src/hooks/useCampaignParticipants.js?t=1776405811473:0
[24867578ms] [ERROR] Failed to load resource: net::ERR_NETWORK_IO_SUSPENDED @ http://localhost:3100/src/components/ThemeSelector.module.css:0
[24867578ms] [ERROR] Failed to load resource: net::ERR_NETWORK_IO_SUSPENDED @ http://localhost:3100/src/components/Groups.module.css:0
[24867578ms] [ERROR] Failed to load resource: net::ERR_NETWORK_IO_SUSPENDED @ http://localhost:3100/src/components/picks/PromoPartnersSelector.jsx?t=1776405811473:0
[24867578ms] [ERROR] Failed to load resource: net::ERR_NETWORK_IO_SUSPENDED @ http://localhost:3100/src/utils/pickParser.js:0
[24867578ms] [ERROR] Failed to load resource: net::ERR_NETWORK_IO_SUSPENDED @ http://localhost:3100/src/components/Alerts.module.css:0
[24867579ms] [ERROR] Failed to load resource: net::ERR_NETWORK_IO_SUSPENDED @ http://localhost:3100/src/hooks/useJornada.js?t=1776405811473:0
[24867579ms] [ERROR] Failed to load resource: net::ERR_NETWORK_IO_SUSPENDED @ http://localhost:3100/src/components/ResultadosJornada.module.css:0
[24867579ms] [ERROR] Failed to load resource: net::ERR_NETWORK_IO_SUSPENDED @ http://localhost:3100/src/components/Premios.module.css:0
[24867588ms] [ERROR] Failed to load resource: net::ERR_NETWORK_IO_SUSPENDED @ http://localhost:3100/src/hooks/useCampaigns.js?t=1776405811473:0
[24867588ms] [ERROR] Failed to load resource: net::ERR_NETWORK_IO_SUSPENDED @ http://localhost:3100/src/services/campaignStatus.js:0
[24867588ms] [ERROR] Failed to load resource: net::ERR_NETWORK_IO_SUSPENDED @ http://localhost:3100/src/components/campaigns/CampaignDetailModal.jsx?t=1776405811473:0
[24867588ms] [ERROR] Failed to load resource: net::ERR_NETWORK_IO_SUSPENDED @ http://localhost:3100/src/components/campaigns/CampaignStyleStep.jsx:0
[24867588ms] [ERROR] Failed to load resource: net::ERR_NETWORK_IO_SUSPENDED @ http://localhost:3100/src/components/CampaignWizard.module.css:0
[24867589ms] [ERROR] WebSocket connection to 'ws://localhost:3100/' failed: Error in connection establishment: net::ERR_NETWORK_IO_SUSPENDED @ http://localhost:3100/@vite/client:1034
[24894268ms] [ERROR] Failed to load resource: net::ERR_INSUFFICIENT_RESOURCES @ http://localhost:3100/src/components/Campaigns.jsx?t=1776405811473:0
[24894268ms] [ERROR] Failed to load resource: net::ERR_INSUFFICIENT_RESOURCES @ http://localhost:3100/src/components/Calendar.jsx?t=1776405811473:0
[24894268ms] [ERROR] Failed to load resource: net::ERR_INSUFFICIENT_RESOURCES @ http://localhost:3100/src/components/Programa.jsx?t=1776405811473:0
[24894268ms] [ERROR] Failed to load resource: net::ERR_INSUFFICIENT_RESOURCES @ http://localhost:3100/src/components/Premios.jsx?t=1776405811473:0
[24894269ms] [ERROR] Failed to load resource: net::ERR_INSUFFICIENT_RESOURCES @ http://localhost:3100/src/components/ResultadosTable.jsx?t=1776405811473:0
[24894269ms] [ERROR] Failed to load resource: net::ERR_INSUFFICIENT_RESOURCES @ http://localhost:3100/src/components/Sidebar.jsx:0
[24894271ms] [ERROR] Failed to load resource: net::ERR_INSUFFICIENT_RESOURCES @ http://localhost:3100/src/services/teletrakService.js:0
[24894271ms] [ERROR] Failed to load resource: net::ERR_INSUFFICIENT_RESOURCES @ http://localhost:3100/src/config/api.js:0
[24894271ms] [ERROR] Failed to load resource: net::ERR_INSUFFICIENT_RESOURCES @ http://localhost:3100/src/hooks/useCampaignParticipants.js?t=1776405811473:0
[24894271ms] [ERROR] Failed to load resource: net::ERR_INSUFFICIENT_RESOURCES @ http://localhost:3100/src/components/PickEntry.module.css:0
[24894271ms] [ERROR] Failed to load resource: net::ERR_INSUFFICIENT_RESOURCES @ http://localhost:3100/src/components/picks/PromoPartnersSelector.jsx?t=1776405811473:0
[24894271ms] [ERROR] Failed to load resource: net::ERR_INSUFFICIENT_RESOURCES @ http://localhost:3100/src/utils/pickParser.js:0
[24894271ms] [ERROR] Failed to load resource: net::ERR_INSUFFICIENT_RESOURCES @ http://localhost:3100/src/services/raceStatus.js:0
[24894272ms] [ERROR] Failed to load resource: net::ERR_INSUFFICIENT_RESOURCES @ http://localhost:3100/src/components/campaigns/CampaignStyleStep.jsx:0
